# JRE version: Java(TM) SE Runtime Environment (8.0_121-b13) (build 1.8.0_121-b13)
# Java VM: Java HotSpot(TM) Client VM (25.121-b13 mixed mode windows-x86 )
Heap:
 def new generation   total 100160K, used 90345K [0x04800000, 0x0b4a0000, 0x0f2a0000)
  eden space 89088K,  88% used [0x04800000, 0x0956a648, 0x09f00000)
  from space 11072K, 100% used [0x09f00000, 0x0a9d0000, 0x0a9d0000)
  to   space 11072K,   0% used [0x0a9d0000, 0x0a9d0000, 0x0b4a0000)
 tenured generation   total 222144K, used 141739K [0x0f2a0000, 0x1cb90000, 0x24800000)
   the space 222144K,  63% used [0x0f2a0000, 0x17d0acd8, 0x17d0ae00, 0x1cb90000)
 Metaspace       used 33560K, capacity 36162K, committed 38144K, reserved 38272K
GC Heap History (10 events):
Event: 2867.351 GC heap before
{Heap before GC invocations=157 (full 12):
 def new generation   total 81216K, used 78528K [0x04800000, 0x0a010000, 0x0f2a0000)
  eden space 72256K, 100% used [0x04800000, 0x08e90000, 0x08e90000)
  from space 8960K,  70% used [0x08e90000, 0x094b0010, 0x09750000)
  to   space 8960K,   0% used [0x09750000, 0x09750000, 0x0a010000)
 tenured generation   total 179984K, used 179879K [0x0f2a0000, 0x1a264000, 0x24800000)
   the space 179984K,  99% used [0x0f2a0000, 0x1a249dc0, 0x1a249e00, 0x1a264000)
 Metaspace       used 35187K, capacity 37509K, committed 38144K, reserved 38272K
Event: 2867.642 GC heap after
Heap after GC invocations=158 (full 13):
 def new generation   total 100160K, used 0K [0x04800000, 0x0b4a0000, 0x0f2a0000)
  eden space 89088K,   0% used [0x04800000, 0x04800000, 0x09f00000)
  from space 11072K,   0% used [0x09f00000, 0x09f00000, 0x0a9d0000)
  to   space 11072K,   0% used [0x0a9d0000, 0x0a9d0000, 0x0b4a0000)
 tenured generation   total 222144K, used 133284K [0x0f2a0000, 0x1cb90000, 0x24800000)
   the space 222144K,  59% used [0x0f2a0000, 0x174c9188, 0x174c9200, 0x1cb90000)
 Metaspace       used 31951K, capacity 33863K, committed 38144K, reserved 38272K
}
Event: 2931.369 GC heap before
{Heap before GC invocations=158 (full 13):
 def new generation   total 100160K, used 89331K [0x04800000, 0x0b4a0000, 0x0f2a0000)
  eden space 89088K, 100% used [0x04800000, 0x09f00000, 0x09f00000)
  from space 11072K,   2% used [0x09f00000, 0x09f3cff8, 0x0a9d0000)
  to   space 11072K,   0% used [0x0a9d0000, 0x0a9d0000, 0x0b4a0000)
 tenured generation   total 222144K, used 133284K [0x0f2a0000, 0x1cb90000, 0x24800000)
   the space 222144K,  59% used [0x0f2a0000, 0x174c9188, 0x174c9200, 0x1cb90000)
 Metaspace       used 32461K, capacity 34481K, committed 38144K, reserved 38272K
Event: 2931.396 GC heap after
Heap after GC invocations=159 (full 13):
 def new generation   total 100160K, used 5428K [0x04800000, 0x0b4a0000, 0x0f2a0000)
  eden space 89088K,   0% used [0x04800000, 0x04800000, 0x09f00000)
  from space 11072K,  49% used [0x0a9d0000, 0x0af1d388, 0x0b4a0000)
  to   space 11072K,   0% used [0x09f00000, 0x09f00000, 0x0a9d0000)
 tenured generation   total 222144K, used 133284K [0x0f2a0000, 0x1cb90000, 0x24800000)
   the space 222144K,  59% used [0x0f2a0000, 0x174c9188, 0x174c9200, 0x1cb90000)
 Metaspace       used 32461K, capacity 34481K, committed 38144K, reserved 38272K
}
Event: 3016.334 GC heap before
{Heap before GC invocations=159 (full 13):
 def new generation   total 100160K, used 94516K [0x04800000, 0x0b4a0000, 0x0f2a0000)
  eden space 89088K, 100% used [0x04800000, 0x09f00000, 0x09f00000)
  from space 11072K,  49% used [0x0a9d0000, 0x0af1d388, 0x0b4a0000)
  to   space 11072K,   0% used [0x09f00000, 0x09f00000, 0x0a9d0000)
 tenured generation   total 222144K, used 133284K [0x0f2a0000, 0x1cb90000, 0x24800000)
   the space 222144K,  59% used [0x0f2a0000, 0x174c9188, 0x174c9200, 0x1cb90000)
 Metaspace       used 32827K, capacity 35073K, committed 38144K, reserved 38272K
Event: 3016.358 GC heap after
Heap after GC invocations=160 (full 13):
 def new generation   total 100160K, used 6585K [0x04800000, 0x0b4a0000, 0x0f2a0000)
  eden space 89088K,   0% used [0x04800000, 0x04800000, 0x09f00000)
  from space 11072K,  59% used [0x09f00000, 0x0a56e7a0, 0x0a9d0000)
  to   space 11072K,   0% used [0x0a9d0000, 0x0a9d0000, 0x0b4a0000)
 tenured generation   total 222144K, used 133284K [0x0f2a0000, 0x1cb90000, 0x24800000)
   the space 222144K,  59% used [0x0f2a0000, 0x174c9188, 0x174c9200, 0x1cb90000)
 Metaspace       used 32827K, capacity 35073K, committed 38144K, reserved 38272K
}
Event: 3247.798 GC heap before
{Heap before GC invocations=160 (full 13):
 def new generation   total 100160K, used 95673K [0x04800000, 0x0b4a0000, 0x0f2a0000)
  eden space 89088K, 100% used [0x04800000, 0x09f00000, 0x09f00000)
  from space 11072K,  59% used [0x09f00000, 0x0a56e7a0, 0x0a9d0000)
  to   space 11072K,   0% used [0x0a9d0000, 0x0a9d0000, 0x0b4a0000)
 tenured generation   total 222144K, used 133284K [0x0f2a0000, 0x1cb90000, 0x24800000)
   the space 222144K,  59% used [0x0f2a0000, 0x174c9188, 0x174c9200, 0x1cb90000)
 Metaspace       used 33100K, capacity 35493K, committed 38144K, reserved 38272K
Event: 3247.820 GC heap after
Heap after GC invocations=161 (full 13):
 def new generation   total 100160K, used 5609K [0x04800000, 0x0b4a0000, 0x0f2a0000)
  eden space 89088K,   0% used [0x04800000, 0x04800000, 0x09f00000)
  from space 11072K,  50% used [0x0a9d0000, 0x0af4a640, 0x0b4a0000)
  to   space 11072K,   0% used [0x09f00000, 0x09f00000, 0x0a9d0000)
 tenured generation   total 222144K, used 135822K [0x0f2a0000, 0x1cb90000, 0x24800000)
   the space 222144K,  61% used [0x0f2a0000, 0x17743b40, 0x17743c00, 0x1cb90000)
 Metaspace       used 33100K, capacity 35493K, committed 38144K, reserved 38272K
}
Event: 3321.686 GC heap before
{Heap before GC invocations=161 (full 13):
 def new generation   total 100160K, used 94137K [0x04800000, 0x0b4a0000, 0x0f2a0000)
  eden space 89088K,  99% used [0x04800000, 0x09e740d0, 0x09f00000)
  from space 11072K,  50% used [0x0a9d0000, 0x0af4a640, 0x0b4a0000)
  to   space 11072K,   0% used [0x09f00000, 0x09f00000, 0x0a9d0000)
 tenured generation   total 222144K, used 135822K [0x0f2a0000, 0x1cb90000, 0x24800000)
   the space 222144K,  61% used [0x0f2a0000, 0x17743b40, 0x17743c00, 0x1cb90000)
 Metaspace       used 33420K, capacity 35985K, committed 38144K, reserved 38272K
Event: 3321.715 GC heap after
Heap after GC invocations=162 (full 13):
 def new generation   total 100160K, used 11072K [0x04800000, 0x0b4a0000, 0x0f2a0000)
  eden space 89088K,   0% used [0x04800000, 0x04800000, 0x09f00000)
  from space 11072K, 100% used [0x09f00000, 0x0a9d0000, 0x0a9d0000)
  to   space 11072K,   0% used [0x0a9d0000, 0x0a9d0000, 0x0b4a0000)
 tenured generation   total 222144K, used 141739K [0x0f2a0000, 0x1cb90000, 0x24800000)
   the space 222144K,  63% used [0x0f2a0000, 0x17d0acd8, 0x17d0ae00, 0x1cb90000)
 Metaspace       used 33420K, capacity 35985K, committed 38144K, reserved 38272K
}

