# JRE version: Java(TM) SE Runtime Environment (8.0_121-b13) (build 1.8.0_121-b13)
# Java VM: Java HotSpot(TM) Client VM (25.121-b13 mixed mode windows-x86 )
Heap:
 def new generation   total 4992K, used 943K [0x04a00000, 0x04f60000, 0x0f4a0000)
  eden space 4480K,  21% used [0x04a00000, 0x04aebfe0, 0x04e60000)
  from space 512K,   0% used [0x04e60000, 0x04e60000, 0x04ee0000)
  to   space 512K,   0% used [0x04ee0000, 0x04ee0000, 0x04f60000)
 tenured generation   total 10944K, used 7727K [0x0f4a0000, 0x0ff50000, 0x24a00000)
   the space 10944K,  70% used [0x0f4a0000, 0x0fc2bec0, 0x0fc2c000, 0x0ff50000)
 Metaspace       used 18188K, capacity 18971K, committed 19072K, reserved 20864K
GC Heap History (10 events):
Event: 3.074 GC heap before
{Heap before GC invocations=9 (full 1):
 def new generation   total 4992K, used 4992K [0x04a00000, 0x04f60000, 0x0f4a0000)
  eden space 4480K, 100% used [0x04a00000, 0x04e60000, 0x04e60000)
  from space 512K, 100% used [0x04e60000, 0x04ee0000, 0x04ee0000)
  to   space 512K,   0% used [0x04ee0000, 0x04ee0000, 0x04f60000)
 tenured generation   total 10944K, used 8684K [0x0f4a0000, 0x0ff50000, 0x24a00000)
   the space 10944K,  79% used [0x0f4a0000, 0x0fd1b248, 0x0fd1b400, 0x0ff50000)
 Metaspace       used 16600K, capacity 17185K, committed 17280K, reserved 17792K
Event: 3.081 GC heap after
Heap after GC invocations=10 (full 1):
 def new generation   total 4992K, used 496K [0x04a00000, 0x04f60000, 0x0f4a0000)
  eden space 4480K,   0% used [0x04a00000, 0x04a00000, 0x04e60000)
  from space 512K,  97% used [0x04ee0000, 0x04f5c300, 0x04f60000)
  to   space 512K,   0% used [0x04e60000, 0x04e60000, 0x04ee0000)
 tenured generation   total 10944K, used 9081K [0x0f4a0000, 0x0ff50000, 0x24a00000)
   the space 10944K,  82% used [0x0f4a0000, 0x0fd7e4b8, 0x0fd7e600, 0x0ff50000)
 Metaspace       used 16600K, capacity 17185K, committed 17280K, reserved 17792K
}
Event: 3.142 GC heap before
{Heap before GC invocations=10 (full 1):
 def new generation   total 4992K, used 4976K [0x04a00000, 0x04f60000, 0x0f4a0000)
  eden space 4480K, 100% used [0x04a00000, 0x04e60000, 0x04e60000)
  from space 512K,  97% used [0x04ee0000, 0x04f5c300, 0x04f60000)
  to   space 512K,   0% used [0x04e60000, 0x04e60000, 0x04ee0000)
 tenured generation   total 10944K, used 9081K [0x0f4a0000, 0x0ff50000, 0x24a00000)
   the space 10944K,  82% used [0x0f4a0000, 0x0fd7e4b8, 0x0fd7e600, 0x0ff50000)
 Metaspace       used 16989K, capacity 17621K, committed 17664K, reserved 17792K
Event: 3.151 GC heap after
Heap after GC invocations=11 (full 1):
 def new generation   total 4992K, used 512K [0x04a00000, 0x04f60000, 0x0f4a0000)
  eden space 4480K,   0% used [0x04a00000, 0x04a00000, 0x04e60000)
  from space 512K, 100% used [0x04e60000, 0x04ee0000, 0x04ee0000)
  to   space 512K,   0% used [0x04ee0000, 0x04ee0000, 0x04f60000)
 tenured generation   total 10944K, used 10426K [0x0f4a0000, 0x0ff50000, 0x24a00000)
   the space 10944K,  95% used [0x0f4a0000, 0x0fece8b8, 0x0fecea00, 0x0ff50000)
 Metaspace       used 16989K, capacity 17621K, committed 17664K, reserved 17792K
}
Event: 3.265 GC heap before
{Heap before GC invocations=11 (full 1):
 def new generation   total 4992K, used 4381K [0x04a00000, 0x04f60000, 0x0f4a0000)
  eden space 4480K,  86% used [0x04a00000, 0x04dc7730, 0x04e60000)
  from space 512K, 100% used [0x04e60000, 0x04ee0000, 0x04ee0000)
  to   space 512K,   0% used [0x04ee0000, 0x04ee0000, 0x04f60000)
 tenured generation   total 10944K, used 10426K [0x0f4a0000, 0x0ff50000, 0x24a00000)
   the space 10944K,  95% used [0x0f4a0000, 0x0fece8b8, 0x0fecea00, 0x0ff50000)
 Metaspace       used 17880K, capacity 18550K, committed 18560K, reserved 24960K
Event: 3.322 GC heap after
Heap after GC invocations=12 (full 2):
 def new generation   total 4992K, used 0K [0x04a00000, 0x04f60000, 0x0f4a0000)
  eden space 4480K,   0% used [0x04a00000, 0x04a00000, 0x04e60000)
  from space 512K,   0% used [0x04e60000, 0x04e60000, 0x04ee0000)
  to   space 512K,   0% used [0x04ee0000, 0x04ee0000, 0x04f60000)
 tenured generation   total 10944K, used 9841K [0x0f4a0000, 0x0ff50000, 0x24a00000)
   the space 10944K,  89% used [0x0f4a0000, 0x0fe3c430, 0x0fe3c600, 0x0ff50000)
 Metaspace       used 17879K, capacity 18547K, committed 18560K, reserved 19840K
}
Event: 3.347 GC heap before
{Heap before GC invocations=12 (full 2):
 def new generation   total 4992K, used 678K [0x04a00000, 0x04f60000, 0x0f4a0000)
  eden space 4480K,  15% used [0x04a00000, 0x04aa99c8, 0x04e60000)
  from space 512K,   0% used [0x04e60000, 0x04e60000, 0x04ee0000)
  to   space 512K,   0% used [0x04ee0000, 0x04ee0000, 0x04f60000)
 tenured generation   total 10944K, used 9841K [0x0f4a0000, 0x0ff50000, 0x24a00000)
   the space 10944K,  89% used [0x0f4a0000, 0x0fe3c430, 0x0fe3c600, 0x0ff50000)
 Metaspace       used 18062K, capacity 18815K, committed 18816K, reserved 21888K
Event: 3.398 GC heap after
Heap after GC invocations=13 (full 3):
 def new generation   total 4992K, used 0K [0x04a00000, 0x04f60000, 0x0f4a0000)
  eden space 4480K,   0% used [0x04a00000, 0x04a00000, 0x04e60000)
  from space 512K,   0% used [0x04e60000, 0x04e60000, 0x04ee0000)
  to   space 512K,   0% used [0x04ee0000, 0x04ee0000, 0x04f60000)
 tenured generation   total 10944K, used 9147K [0x0f4a0000, 0x0ff50000, 0x24a00000)
   the space 10944K,  83% used [0x0f4a0000, 0x0fd8ec40, 0x0fd8ee00, 0x0ff50000)
 Metaspace       used 18062K, capacity 18815K, committed 18816K, reserved 20864K
}
Event: 3.398 GC heap before
{Heap before GC invocations=13 (full 3):
 def new generation   total 4992K, used 0K [0x04a00000, 0x04f60000, 0x0f4a0000)
  eden space 4480K,   0% used [0x04a00000, 0x04a00000, 0x04e60000)
  from space 512K,   0% used [0x04e60000, 0x04e60000, 0x04ee0000)
  to   space 512K,   0% used [0x04ee0000, 0x04ee0000, 0x04f60000)
 tenured generation   total 10944K, used 9147K [0x0f4a0000, 0x0ff50000, 0x24a00000)
   the space 10944K,  83% used [0x0f4a0000, 0x0fd8ec40, 0x0fd8ee00, 0x0ff50000)
 Metaspace       used 18062K, capacity 18815K, committed 18816K, reserved 22912K
Event: 3.446 GC heap after
Heap after GC invocations=14 (full 4):
 def new generation   total 4992K, used 0K [0x04a00000, 0x04f60000, 0x0f4a0000)
  eden space 4480K,   0% used [0x04a00000, 0x04a00000, 0x04e60000)
  from space 512K,   0% used [0x04e60000, 0x04e60000, 0x04ee0000)
  to   space 512K,   0% used [0x04ee0000, 0x04ee0000, 0x04f60000)
 tenured generation   total 10944K, used 7727K [0x0f4a0000, 0x0ff50000, 0x24a00000)
   the space 10944K,  70% used [0x0f4a0000, 0x0fc2bec0, 0x0fc2c000, 0x0ff50000)
 Metaspace       used 18055K, capacity 18798K, committed 18816K, reserved 20864K
}

