# JRE version: Java(TM) SE Runtime Environment (8.0_121-b13) (build 1.8.0_121-b13)
# Java VM: Java HotSpot(TM) Client VM (25.121-b13 mixed mode windows-x86 )
Heap:
 def new generation   total 4992K, used 2008K [0x04a00000, 0x04f60000, 0x0f4a0000)
  eden space 4480K,  41% used [0x04a00000, 0x04bd0050, 0x04e60000)
  from space 512K,  29% used [0x04e60000, 0x04e862d0, 0x04ee0000)
  to   space 512K,   0% used [0x04ee0000, 0x04ee0000, 0x04f60000)
 tenured generation   total 10944K, used 8452K [0x0f4a0000, 0x0ff50000, 0x24a00000)
   the space 10944K,  77% used [0x0f4a0000, 0x0fce1178, 0x0fce1200, 0x0ff50000)
 Metaspace       used 17626K, capacity 18326K, committed 18432K, reserved 24960K
GC Heap History (10 events):
Event: 3.580 GC heap before
{Heap before GC invocations=21 (full 12):
 def new generation   total 4992K, used 92K [0x04a00000, 0x04f60000, 0x0f4a0000)
  eden space 4480K,   2% used [0x04a00000, 0x04a172b0, 0x04e60000)
  from space 512K,   0% used [0x04ee0000, 0x04ee0000, 0x04f60000)
  to   space 512K,   0% used [0x04e60000, 0x04e60000, 0x04ee0000)
 tenured generation   total 10944K, used 7469K [0x0f4a0000, 0x0ff50000, 0x24a00000)
   the space 10944K,  68% used [0x0f4a0000, 0x0fbeb670, 0x0fbeb800, 0x0ff50000)
 Metaspace       used 17015K, capacity 17613K, committed 17664K, reserved 23936K
Event: 3.613 GC heap after
Heap after GC invocations=22 (full 13):
 def new generation   total 4992K, used 0K [0x04a00000, 0x04f60000, 0x0f4a0000)
  eden space 4480K,   0% used [0x04a00000, 0x04a00000, 0x04e60000)
  from space 512K,   0% used [0x04ee0000, 0x04ee0000, 0x04f60000)
  to   space 512K,   0% used [0x04e60000, 0x04e60000, 0x04ee0000)
 tenured generation   total 10944K, used 7471K [0x0f4a0000, 0x0ff50000, 0x24a00000)
   the space 10944K,  68% used [0x0f4a0000, 0x0fbebf08, 0x0fbec000, 0x0ff50000)
 Metaspace       used 17015K, capacity 17613K, committed 17664K, reserved 20864K
}
Event: 3.613 GC heap before
{Heap before GC invocations=22 (full 13):
 def new generation   total 4992K, used 0K [0x04a00000, 0x04f60000, 0x0f4a0000)
  eden space 4480K,   0% used [0x04a00000, 0x04a00000, 0x04e60000)
  from space 512K,   0% used [0x04ee0000, 0x04ee0000, 0x04f60000)
  to   space 512K,   0% used [0x04e60000, 0x04e60000, 0x04ee0000)
 tenured generation   total 10944K, used 7471K [0x0f4a0000, 0x0ff50000, 0x24a00000)
   the space 10944K,  68% used [0x0f4a0000, 0x0fbebf08, 0x0fbec000, 0x0ff50000)
 Metaspace       used 17015K, capacity 17613K, committed 17664K, reserved 22912K
Event: 3.644 GC heap after
Heap after GC invocations=23 (full 14):
 def new generation   total 4992K, used 0K [0x04a00000, 0x04f60000, 0x0f4a0000)
  eden space 4480K,   0% used [0x04a00000, 0x04a00000, 0x04e60000)
  from space 512K,   0% used [0x04ee0000, 0x04ee0000, 0x04f60000)
  to   space 512K,   0% used [0x04e60000, 0x04e60000, 0x04ee0000)
 tenured generation   total 10944K, used 7471K [0x0f4a0000, 0x0ff50000, 0x24a00000)
   the space 10944K,  68% used [0x0f4a0000, 0x0fbebf08, 0x0fbec000, 0x0ff50000)
 Metaspace       used 17015K, capacity 17613K, committed 17664K, reserved 20864K
}
Event: 3.760 GC heap before
{Heap before GC invocations=23 (full 14):
 def new generation   total 4992K, used 1704K [0x04a00000, 0x04f60000, 0x0f4a0000)
  eden space 4480K,  38% used [0x04a00000, 0x04baa148, 0x04e60000)
  from space 512K,   0% used [0x04ee0000, 0x04ee0000, 0x04f60000)
  to   space 512K,   0% used [0x04e60000, 0x04e60000, 0x04ee0000)
 tenured generation   total 10944K, used 7471K [0x0f4a0000, 0x0ff50000, 0x24a00000)
   the space 10944K,  68% used [0x0f4a0000, 0x0fbebf08, 0x0fbec000, 0x0ff50000)
 Metaspace       used 17353K, capacity 18003K, committed 18048K, reserved 25984K
Event: 3.799 GC heap after
Heap after GC invocations=24 (full 15):
 def new generation   total 4992K, used 0K [0x04a00000, 0x04f60000, 0x0f4a0000)
  eden space 4480K,   0% used [0x04a00000, 0x04a00000, 0x04e60000)
  from space 512K,   0% used [0x04ee0000, 0x04ee0000, 0x04f60000)
  to   space 512K,   0% used [0x04e60000, 0x04e60000, 0x04ee0000)
 tenured generation   total 10944K, used 7721K [0x0f4a0000, 0x0ff50000, 0x24a00000)
   the space 10944K,  70% used [0x0f4a0000, 0x0fc2a758, 0x0fc2a800, 0x0ff50000)
 Metaspace       used 17353K, capacity 18003K, committed 18048K, reserved 22912K
}
Event: 3.799 GC heap before
{Heap before GC invocations=24 (full 15):
 def new generation   total 4992K, used 0K [0x04a00000, 0x04f60000, 0x0f4a0000)
  eden space 4480K,   0% used [0x04a00000, 0x04a00000, 0x04e60000)
  from space 512K,   0% used [0x04ee0000, 0x04ee0000, 0x04f60000)
  to   space 512K,   0% used [0x04e60000, 0x04e60000, 0x04ee0000)
 tenured generation   total 10944K, used 7721K [0x0f4a0000, 0x0ff50000, 0x24a00000)
   the space 10944K,  70% used [0x0f4a0000, 0x0fc2a758, 0x0fc2a800, 0x0ff50000)
 Metaspace       used 17353K, capacity 18003K, committed 18048K, reserved 24960K
Event: 3.841 GC heap after
Heap after GC invocations=25 (full 16):
 def new generation   total 4992K, used 0K [0x04a00000, 0x04f60000, 0x0f4a0000)
  eden space 4480K,   0% used [0x04a00000, 0x04a00000, 0x04e60000)
  from space 512K,   0% used [0x04ee0000, 0x04ee0000, 0x04f60000)
  to   space 512K,   0% used [0x04e60000, 0x04e60000, 0x04ee0000)
 tenured generation   total 10944K, used 7648K [0x0f4a0000, 0x0ff50000, 0x24a00000)
   the space 10944K,  69% used [0x0f4a0000, 0x0fc181c8, 0x0fc18200, 0x0ff50000)
 Metaspace       used 17353K, capacity 18003K, committed 18048K, reserved 22912K
}
Event: 68.395 GC heap before
{Heap before GC invocations=25 (full 16):
 def new generation   total 4992K, used 4480K [0x04a00000, 0x04f60000, 0x0f4a0000)
  eden space 4480K, 100% used [0x04a00000, 0x04e60000, 0x04e60000)
  from space 512K,   0% used [0x04ee0000, 0x04ee0000, 0x04f60000)
  to   space 512K,   0% used [0x04e60000, 0x04e60000, 0x04ee0000)
 tenured generation   total 10944K, used 7648K [0x0f4a0000, 0x0ff50000, 0x24a00000)
   the space 10944K,  69% used [0x0f4a0000, 0x0fc181c8, 0x0fc18200, 0x0ff50000)
 Metaspace       used 17624K, capacity 18326K, committed 18432K, reserved 24960K
Event: 68.399 GC heap after
Heap after GC invocations=26 (full 16):
 def new generation   total 4992K, used 152K [0x04a00000, 0x04f60000, 0x0f4a0000)
  eden space 4480K,   0% used [0x04a00000, 0x04a00000, 0x04e60000)
  from space 512K,  29% used [0x04e60000, 0x04e862d0, 0x04ee0000)
  to   space 512K,   0% used [0x04ee0000, 0x04ee0000, 0x04f60000)
 tenured generation   total 10944K, used 8452K [0x0f4a0000, 0x0ff50000, 0x24a00000)
   the space 10944K,  77% used [0x0f4a0000, 0x0fce1178, 0x0fce1200, 0x0ff50000)
 Metaspace       used 17624K, capacity 18326K, committed 18432K, reserved 24960K
}

